<?xml version="1.0" encoding="UTF-8"?><testrun name="OracleConnectionTest.testConnection" project="HelloWorld" tests="1" started="1" failures="0" errors="1" ignored="0">
  <testcase name="initializationError" classname="org.junit.runner.manipulation.Filter" time="0.004">
    <error>java.lang.Exception: No tests found matching [{ExactMatcher:fDisplayName=testConnection], {ExactMatcher:fDisplayName=testConnection(kr.co.ezen.OracleConnectionTest)], {LeadingIdentifierMatcher:fClassName=kr.co.ezen.OracleConnectionTest,fLeadingIdentifier=testConnection]] from org.junit.internal.requests.ClassRequest@446cdf90
	at org.junit.internal.requests.FilterRequest.getRunner(FilterRequest.java:40)
	at org.eclipse.jdt.internal.junit4.runner.JUnit4TestLoader.createFilteredTest(JUnit4TestLoader.java:83)
	at org.eclipse.jdt.internal.junit4.runner.JUnit4TestLoader.createTest(JUnit4TestLoader.java:74)
	at org.eclipse.jdt.internal.junit4.runner.JUnit4TestLoader.loadTests(JUnit4TestLoader.java:49)
	at org.eclipse.jdt.internal.junit.runner.RemoteTestRunner.runTests(RemoteTestRunner.java:526)
	at org.eclipse.jdt.internal.junit.runner.RemoteTestRunner.runTests(RemoteTestRunner.java:770)
	at org.eclipse.jdt.internal.junit.runner.RemoteTestRunner.run(RemoteTestRunner.java:464)
	at org.eclipse.jdt.internal.junit.runner.RemoteTestRunner.main(RemoteTestRunner.java:210)

</error>
  </testcase>
</testrun>
